<html>
<body>
<pre>
<h1>Vision Build Log</h1>
<h2>Project:</h2>
F:\201803_project\ftl_project_keil\8266_air\8266_air.uvproj
Project File Date:  03/22/2018

<h2>Output:</h2>
Rebuild target 'Target 1'
assembling STARTUP.A51...
compiling main.c...
compiling voc_init.c...
linking...
Program Size: data=38.0 xdata=0 code=706
creating hex file from "8266_air"...
"8266_air" - 0 Error(s), 0 Warning(s).
"" 
--- Error: failed to execute '"" '
Load "F:\\201803_project\\ftl_project_keil\\8266_air\\8266_air" 
仿真器已连接.
*** Error: Flash Write Failed at 0000
Rebuild target 'Target 1'
assembling STARTUP.A51...
compiling main.c...
compiling voc_init.c...
linking...
Program Size: data=38.0 xdata=0 code=706
creating hex file from "8266_air"...
"8266_air" - 0 Error(s), 0 Warning(s).
Load "F:\\201803_project\\ftl_project_keil\\8266_air\\8266_air" 
仿真器已连接.
Flash Write Done: 739 bytes programmed.
CheckSum = 0x2fdf
Flash Verify Done: 740 bytes verified.
Rebuild target 'Target 1'
assembling STARTUP.A51...
compiling main.c...
include\732X_IO.h(4): warning C318: can't open file 'h\SC92F732x_C.H'
compiling voc_init.c...
include\732X_IO.h(4): warning C318: can't open file 'h\SC92F732x_C.H'
app\voc_init.c(14): error C202: 'PWMCFG0': undefined identifier
app\voc_init.c(15): error C202: 'PWMCFG1': undefined identifier
Target not created
Rebuild target 'Target 1'
assembling STARTUP.A51...
compiling main.c...
compiling voc_init.c...
app\voc_init.c(14): error C202: 'PWMCFG0': undefined identifier
app\voc_init.c(15): error C202: 'PWMCFG1': undefined identifier
Target not created
Rebuild target 'Target 1'
assembling STARTUP.A51...
compiling main.c...
compiling voc_init.c...
linking...
Program Size: data=38.0 xdata=0 code=701
creating hex file from "8266_air"...
"8266_air" - 0 Error(s), 0 Warning(s).
Rebuild target 'Target 1'
assembling STARTUP.A51...
compiling main.c...
compiling voc_init.c...
linking...
Program Size: data=38.0 xdata=0 code=701
creating hex file from "8266_air"...
"8266_air" - 0 Error(s), 0 Warning(s).
Load "F:\\201803_project\\ftl_project_keil\\8266_air\\8266_air" 
仿真器已连接.
Flash Write Done: 734 bytes programmed.
CheckSum = 0x0607
Flash Verify Done: 736 bytes verified.
Rebuild target 'Target 1'
assembling STARTUP.A51...
compiling main.c...
compiling voc_init.c...
linking...
Program Size: data=38.0 xdata=0 code=701
creating hex file from "8266_air"...
"8266_air" - 0 Error(s), 0 Warning(s).
Rebuild target 'Target 1'
assembling STARTUP.A51...
compiling main.c...
compiling voc_init.c...
linking...
Program Size: data=38.0 xdata=0 code=704
creating hex file from "8266_air"...
"8266_air" - 0 Error(s), 0 Warning(s).
Load "F:\\201803_project\\ftl_project_keil\\8266_air\\8266_air" 
仿真器已连接.
Flash Write Done: 737 bytes programmed.
CheckSum = 0x6455
Flash Verify Done: 740 bytes verified.
Rebuild target 'Target 1'
assembling STARTUP.A51...
compiling main.c...
compiling voc_init.c...
linking...
Program Size: data=38.0 xdata=0 code=702
creating hex file from "8266_air"...
"8266_air" - 0 Error(s), 0 Warning(s).
Rebuild target 'Target 1'
assembling STARTUP.A51...
compiling main.c...
compiling voc_init.c...
app\voc_init.c(19): error C141: syntax error near 'PWMCON'
Target not created
Rebuild target 'Target 1'
assembling STARTUP.A51...
compiling main.c...
compiling voc_init.c...
linking...
Program Size: data=38.0 xdata=0 code=702
creating hex file from "8266_air"...
"8266_air" - 0 Error(s), 0 Warning(s).
Rebuild target 'Target 1'
assembling STARTUP.A51...
compiling main.c...
compiling voc_init.c...
linking...
Program Size: data=38.0 xdata=0 code=702
creating hex file from "8266_air"...
"8266_air" - 0 Error(s), 0 Warning(s).
Rebuild target 'Target 1'
assembling STARTUP.A51...
compiling main.c...
compiling voc_init.c...
linking...
BL51 BANKED LINKER/LOCATER V6.22 - SN: K1NMC-SWPMJC
COPYRIGHT KEIL ELEKTRONIK GmbH 1987 - 2009
"STARTUP.obj",
"main.obj",
"voc_init.obj" 
TO "8266_air" 
RAMSIZE(256) 
CODE( 0x100 , 0x27 )
*** FATAL ERROR L236: ADDRESS IS NOT IN ASCENDING ORDER
    POS: 92
    j, main.obj, voc_init.obj TO 8266_air RAMSIZE (256) CODE (0X100, 0X27)#
Target not created
Rebuild target 'Target 1'
assembling STARTUP.A51...
compiling main.c...
compiling voc_init.c...
linking...
BL51 BANKED LINKER/LOCATER V6.22 - SN: K1NMC-SWPMJC
COPYRIGHT KEIL ELEKTRONIK GmbH 1987 - 2009
"STARTUP.obj",
"main.obj",
"voc_init.obj" 
TO "8266_air" 
RAMSIZE(256) 
CODE( 0x100 , 0x27 )
*** FATAL ERROR L236: ADDRESS IS NOT IN ASCENDING ORDER
    POS: 92
    j, main.obj, voc_init.obj TO 8266_air RAMSIZE (256) CODE (0X100, 0X27)#
Target not created
Clean started: Project: '8266_air'
   deleting intermediate output files for target 'Target 1'
Build target 'Target 1'
assembling STARTUP.A51...
compiling main.c...
compiling voc_init.c...
linking...
BL51 BANKED LINKER/LOCATER V6.22 - SN: K1NMC-SWPMJC
COPYRIGHT KEIL ELEKTRONIK GmbH 1987 - 2009
"STARTUP.obj",
"main.obj",
"voc_init.obj" 
TO "8266_air" 
RAMSIZE(256) 
CODE( 0x100 , 0x27 )
*** FATAL ERROR L236: ADDRESS IS NOT IN ASCENDING ORDER
    POS: 92
    j, main.obj, voc_init.obj TO 8266_air RAMSIZE (256) CODE (0X100, 0X27)#
Target not created
Load "F:\\201803_project\\ftl_project_keil\\8266_air\\8266_air" 
_____^
*** error 56: can't open file
Rebuild target 'Target 1'
assembling STARTUP.A51...
compiling main.c...
compiling voc_init.c...
linking...
BL51 BANKED LINKER/LOCATER V6.22 - SN: K1NMC-SWPMJC
COPYRIGHT KEIL ELEKTRONIK GmbH 1987 - 2009
"STARTUP.obj",
"main.obj",
"voc_init.obj" 
TO "8266_air" 
RAMSIZE(256) 
CODE( 0x100 , 0x27 )
*** FATAL ERROR L236: ADDRESS IS NOT IN ASCENDING ORDER
    POS: 92
    j, main.obj, voc_init.obj TO 8266_air RAMSIZE (256) CODE (0X100, 0X27)#
Target not created
Rebuild target 'Target 1'
assembling STARTUP.A51...
compiling main.c...
compiling voc_init.c...
linking...
Program Size: data=38.0 xdata=0 code=702
creating hex file from "8266_air"...
"8266_air" - 0 Error(s), 0 Warning(s).
Load "F:\\201803_project\\ftl_project_keil\\8266_air\\8266_air" 
仿真器已连接.
Flash Write Done: 952 bytes programmed.
CheckSum = 0x9864
Flash Verify Done: 952 bytes verified.
Clean started: Project: '8266_air'
   deleting intermediate output files for target 'Target 1'
Rebuild target 'Target 1'
assembling STARTUP.A51...
compiling main.c...
compiling voc_init.c...
linking...
Program Size: data=38.0 xdata=0 code=707
creating hex file from "8266_air"...
"8266_air" - 0 Error(s), 0 Warning(s).
Load "F:\\201803_project\\ftl_project_keil\\8266_air\\8266_air" 
仿真器已连接.
Flash Write Done: 957 bytes programmed.
CheckSum = 0xe4aa
Flash Verify Done: 960 bytes verified.
Rebuild target 'Target 1'
assembling STARTUP.A51...
compiling main.c...
compiling voc_init.c...
linking...
Program Size: data=38.0 xdata=0 code=716
creating hex file from "8266_air"...
"8266_air" - 0 Error(s), 0 Warning(s).
Load "F:\\201803_project\\ftl_project_keil\\8266_air\\8266_air" 
仿真器已连接.
Flash Write Done: 966 bytes programmed.
CheckSum = 0x00b6
Flash Verify Done: 968 bytes verified.
Rebuild target 'Target 1'
assembling STARTUP.A51...
compiling main.c...
compiling voc_init.c...
linking...
*** WARNING L16: UNCALLED SEGMENT, IGNORED FOR OVERLAY PROCESS
    SEGMENT: ?PR?TIME_COUNT?MAIN
*** WARNING L16: UNCALLED SEGMENT, IGNORED FOR OVERLAY PROCESS
    SEGMENT: ?PR?_ADCWORK?VOC_INIT
*** WARNING L16: UNCALLED SEGMENT, IGNORED FOR OVERLAY PROCESS
    SEGMENT: ?PR?TIMERWORK?VOC_INIT
*** WARNING L16: UNCALLED SEGMENT, IGNORED FOR OVERLAY PROCESS
    SEGMENT: ?PR?KEYPRESS?VOC_INIT
*** WARNING L16: UNCALLED SEGMENT, IGNORED FOR OVERLAY PROCESS
    SEGMENT: ?PR?_EEPROMREAD?VOC_INIT
Program Size: data=38.0 xdata=0 code=644
creating hex file from "8266_air"...
"8266_air" - 0 Error(s), 5 Warning(s).
Load "F:\\201803_project\\ftl_project_keil\\8266_air\\8266_air" 
仿真器已连接.
Flash Write Done: 894 bytes programmed.
CheckSum = 0x49b8
Flash Verify Done: 896 bytes verified.
Rebuild target 'Target 1'
assembling STARTUP.A51...
compiling main.c...
app\main.c(3): warning C318: can't open file 'include\MYDEFINE.H'
app\main.c(432): warning C206: 'LCD_Display': missing function-prototype
compiling voc_init.c...
linking...
*** ERROR L104: MULTIPLE PUBLIC DEFINITIONS
    SYMBOL:  TIMER0
    MODULE:  voc_init.obj (VOC_INIT)
*** WARNING L16: UNCALLED SEGMENT, IGNORED FOR OVERLAY PROCESS
    SEGMENT: ?PR?PWMWORK?VOC_INIT
*** WARNING L16: UNCALLED SEGMENT, IGNORED FOR OVERLAY PROCESS
    SEGMENT: ?PR?_ADCWORK?VOC_INIT
*** WARNING L16: UNCALLED SEGMENT, IGNORED FOR OVERLAY PROCESS
    SEGMENT: ?PR?TIMERWORK?VOC_INIT
*** WARNING L16: UNCALLED SEGMENT, IGNORED FOR OVERLAY PROCESS
    SEGMENT: ?PR?KEYPRESS?VOC_INIT
*** WARNING L16: UNCALLED SEGMENT, IGNORED FOR OVERLAY PROCESS
    SEGMENT: ?PR?_EEPROMWRITE?VOC_INIT
*** WARNING L16: UNCALLED SEGMENT, IGNORED FOR OVERLAY PROCESS
    SEGMENT: ?PR?_EEPROMREAD?VOC_INIT
*** WARNING L5: CODE SPACE MEMORY OVERLAP
    FROM:    000BH
    TO:      000DH
*** WARNING L1: UNRESOLVED EXTERNAL SYMBOL
    SYMBOL:  LCD_DISPLAY
    MODULE:  main.obj (MAIN)
*** WARNING L2: REFERENCE MADE TO UNRESOLVED EXTERNAL
    SYMBOL:  LCD_DISPLAY
    MODULE:  main.obj (MAIN)
    ADDRESS: 032CH
*** WARNING L1: UNRESOLVED EXTERNAL SYMBOL
    SYMBOL:  FLAG_10MS
    MODULE:  voc_init.obj (VOC_INIT)
*** WARNING L1: UNRESOLVED EXTERNAL SYMBOL
    SYMBOL:  CNT_10MS
    MODULE:  voc_init.obj (VOC_INIT)
*** WARNING L1: UNRESOLVED EXTERNAL SYMBOL
    SYMBOL:  PROGRAMPARA
    MODULE:  voc_init.obj (VOC_INIT)
*** WARNING L2: REFERENCE MADE TO UNRESOLVED EXTERNAL
    SYMBOL:  CNT_10MS
    MODULE:  voc_init.obj (VOC_INIT)
    ADDRESS: 025EH
*** WARNING L2: REFERENCE MADE TO UNRESOLVED EXTERNAL
    SYMBOL:  CNT_10MS
    MODULE:  voc_init.obj (VOC_INIT)
    ADDRESS: 0260H
*** WARNING L2: REFERENCE MADE TO UNRESOLVED EXTERNAL
    SYMBOL:  FLAG_10MS
    MODULE:  voc_init.obj (VOC_INIT)
    ADDRESS: 0268H
*** WARNING L2: REFERENCE MADE TO UNRESOLVED EXTERNAL
    SYMBOL:  CNT_10MS
    MODULE:  voc_init.obj (VOC_INIT)
    ADDRESS: 026CH
*** WARNING L2: REFERENCE MADE TO UNRESOLVED EXTERNAL
    SYMBOL:  FLAG_10MS
    MODULE:  voc_init.obj (VOC_INIT)
    ADDRESS: 026EH
*** WARNING L2: REFERENCE MADE TO UNRESOLVED EXTERNAL
    SYMBOL:  PROGRAMPARA
    MODULE:  voc_init.obj (VOC_INIT)
    ADDRESS: 01DCH
Program Size: data=18.1 xdata=0 code=569
Target not created
Rebuild target 'Target 1'
assembling STARTUP.A51...
compiling main.c...
compiling voc_init.c...
linking...
*** WARNING L16: UNCALLED SEGMENT, IGNORED FOR OVERLAY PROCESS
    SEGMENT: ?PR?TIME_COUNT?MAIN
*** WARNING L16: UNCALLED SEGMENT, IGNORED FOR OVERLAY PROCESS
    SEGMENT: ?PR?PWMWORK?VOC_INIT
*** WARNING L16: UNCALLED SEGMENT, IGNORED FOR OVERLAY PROCESS
    SEGMENT: ?PR?_ADCWORK?VOC_INIT
*** WARNING L16: UNCALLED SEGMENT, IGNORED FOR OVERLAY PROCESS
    SEGMENT: ?PR?TIMERWORK?VOC_INIT
*** WARNING L16: UNCALLED SEGMENT, IGNORED FOR OVERLAY PROCESS
    SEGMENT: ?PR?KEYPRESS?VOC_INIT
*** WARNING L16: UNCALLED SEGMENT, IGNORED FOR OVERLAY PROCESS
    SEGMENT: ?PR?_EEPROMREAD?VOC_INIT
Program Size: data=38.0 xdata=0 code=662
creating hex file from "8266_air"...
"8266_air" - 0 Error(s), 6 Warning(s).
Load "F:\\201803_project\\ftl_project_keil\\8266_air\\8266_air" 
仿真器已连接.
Flash Write Done: 912 bytes programmed.
CheckSum = 0x8ee1
Flash Verify Done: 912 bytes verified.
Rebuild target 'Target 1'
assembling STARTUP.A51...
compiling main.c...
compiling voc_init.c...
linking...
*** WARNING L16: UNCALLED SEGMENT, IGNORED FOR OVERLAY PROCESS
    SEGMENT: ?PR?TIME_COUNT?MAIN
*** WARNING L16: UNCALLED SEGMENT, IGNORED FOR OVERLAY PROCESS
    SEGMENT: ?PR?_ADCWORK?VOC_INIT
*** WARNING L16: UNCALLED SEGMENT, IGNORED FOR OVERLAY PROCESS
    SEGMENT: ?PR?TIMERWORK?VOC_INIT
*** WARNING L16: UNCALLED SEGMENT, IGNORED FOR OVERLAY PROCESS
    SEGMENT: ?PR?KEYPRESS?VOC_INIT
*** WARNING L16: UNCALLED SEGMENT, IGNORED FOR OVERLAY PROCESS
    SEGMENT: ?PR?_EEPROMREAD?VOC_INIT
Program Size: data=38.0 xdata=0 code=647
creating hex file from "8266_air"...
"8266_air" - 0 Error(s), 5 Warning(s).
Load "F:\\201803_project\\ftl_project_keil\\8266_air\\8266_air" 
仿真器已连接.
Flash Write Done: 897 bytes programmed.
CheckSum = 0x2d9a
Flash Verify Done: 900 bytes verified.
Rebuild target 'Target 1'
assembling STARTUP.A51...
compiling main.c...
compiling voc_init.c...
linking...
*** WARNING L16: UNCALLED SEGMENT, IGNORED FOR OVERLAY PROCESS
    SEGMENT: ?PR?TIME_COUNT?MAIN
*** WARNING L16: UNCALLED SEGMENT, IGNORED FOR OVERLAY PROCESS
    SEGMENT: ?PR?_ADCWORK?VOC_INIT
*** WARNING L16: UNCALLED SEGMENT, IGNORED FOR OVERLAY PROCESS
    SEGMENT: ?PR?TIMERWORK?VOC_INIT
*** WARNING L16: UNCALLED SEGMENT, IGNORED FOR OVERLAY PROCESS
    SEGMENT: ?PR?KEYPRESS?VOC_INIT
*** WARNING L16: UNCALLED SEGMENT, IGNORED FOR OVERLAY PROCESS
    SEGMENT: ?PR?_EEPROMREAD?VOC_INIT
Program Size: data=38.0 xdata=0 code=642
creating hex file from "8266_air"...
"8266_air" - 0 Error(s), 5 Warning(s).
Rebuild target 'Target 1'
assembling STARTUP.A51...
compiling main.c...
compiling voc_init.c...
linking...
*** WARNING L16: UNCALLED SEGMENT, IGNORED FOR OVERLAY PROCESS
    SEGMENT: ?PR?TIMERWORK?VOC_INIT
Program Size: data=38.0 xdata=0 code=711
creating hex file from "8266_air"...
"8266_air" - 0 Error(s), 1 Warning(s).
Load "F:\\201803_project\\ftl_project_keil\\8266_air\\8266_air" 
仿真器已连接.
Flash Write Done: 961 bytes programmed.
CheckSum = 0x76a7
Flash Verify Done: 964 bytes verified.
Rebuild target 'Target 1'
assembling STARTUP.A51...
compiling main.c...
compiling voc_init.c...
linking...
*** WARNING L16: UNCALLED SEGMENT, IGNORED FOR OVERLAY PROCESS
    SEGMENT: ?PR?TIMERWORK?VOC_INIT
Program Size: data=38.0 xdata=0 code=713
creating hex file from "8266_air"...
"8266_air" - 0 Error(s), 1 Warning(s).
Rebuild target 'Target 1'
assembling STARTUP.A51...
compiling main.c...
compiling voc_init.c...
linking...
*** WARNING L16: UNCALLED SEGMENT, IGNORED FOR OVERLAY PROCESS
    SEGMENT: ?PR?TIMERWORK?VOC_INIT
Program Size: data=38.0 xdata=0 code=710
creating hex file from "8266_air"...
"8266_air" - 0 Error(s), 1 Warning(s).
Load "F:\\201803_project\\ftl_project_keil\\8266_air\\8266_air" 
仿真器已连接.
Flash Write Done: 960 bytes programmed.
CheckSum = 0x44a4
Flash Verify Done: 960 bytes verified.
Rebuild target 'Target 1'
assembling STARTUP.A51...
compiling main.c...
compiling voc_init.c...
linking...
*** WARNING L16: UNCALLED SEGMENT, IGNORED FOR OVERLAY PROCESS
    SEGMENT: ?PR?TIMERWORK?VOC_INIT
Program Size: data=38.0 xdata=0 code=708
creating hex file from "8266_air"...
"8266_air" - 0 Error(s), 1 Warning(s).
Load "F:\\201803_project\\ftl_project_keil\\8266_air\\8266_air" 
仿真器已连接.
Flash Write Done: 958 bytes programmed.
CheckSum = 0x0e2b
Flash Verify Done: 960 bytes verified.
Rebuild target 'Target 1'
assembling STARTUP.A51...
compiling main.c...
compiling voc_init.c...
linking...
*** WARNING L16: UNCALLED SEGMENT, IGNORED FOR OVERLAY PROCESS
    SEGMENT: ?PR?TIMERWORK?VOC_INIT
Program Size: data=38.0 xdata=0 code=709
creating hex file from "8266_air"...
"8266_air" - 0 Error(s), 1 Warning(s).
Load "F:\\201803_project\\ftl_project_keil\\8266_air\\8266_air" 
仿真器已连接.
Flash Write Done: 959 bytes programmed.
CheckSum = 0xa108
Flash Verify Done: 960 bytes verified.
Rebuild target 'Target 1'
assembling STARTUP.A51...
compiling main.c...
compiling voc_init.c...
linking...
*** WARNING L16: UNCALLED SEGMENT, IGNORED FOR OVERLAY PROCESS
    SEGMENT: ?PR?TIMERWORK?VOC_INIT
Program Size: data=38.0 xdata=0 code=710
creating hex file from "8266_air"...
"8266_air" - 0 Error(s), 1 Warning(s).
Load "F:\\201803_project\\ftl_project_keil\\8266_air\\8266_air" 
仿真器已连接.
Flash Write Done: 960 bytes programmed.
CheckSum = 0x0b81
Flash Verify Done: 960 bytes verified.
Rebuild target 'Target 1'
assembling STARTUP.A51...
compiling main.c...
compiling voc_init.c...
linking...
Program Size: data=38.0 xdata=0 code=704
creating hex file from "8266_air"...
"8266_air" - 0 Error(s), 0 Warning(s).
Rebuild target 'Target 1'
assembling STARTUP.A51...
compiling main.c...
compiling voc_init.c...
linking...
Program Size: data=38.0 xdata=0 code=704
creating hex file from "8266_air"...
"8266_air" - 0 Error(s), 0 Warning(s).
Load "F:\\201803_project\\ftl_project_keil\\8266_air\\8266_air" 
仿真器已连接.
Flash Write Done: 954 bytes programmed.
CheckSum = 0x7adf
Flash Verify Done: 956 bytes verified.
Rebuild target 'Target 1'
assembling STARTUP.A51...
compiling main.c...
compiling voc_init.c...
linking...
Program Size: data=38.0 xdata=0 code=700
creating hex file from "8266_air"...
"8266_air" - 0 Error(s), 0 Warning(s).
Load "F:\\201803_project\\ftl_project_keil\\8266_air\\8266_air" 
仿真器已连接.
Flash Write Done: 950 bytes programmed.
CheckSum = 0xb873
Flash Verify Done: 952 bytes verified.
Rebuild target 'Target 1'
assembling STARTUP.A51...
compiling main.c...
compiling voc_init.c...
linking...
Program Size: data=38.0 xdata=0 code=700
creating hex file from ".\hexfirmware\8266_air"...
".\hexfirmware\8266_air" - 0 Error(s), 0 Warning(s).
Load "F:\\201803_project\\ftl_project_keil\\8266_air\\hexfirmware\\8266_air" 
仿真器已连接.
Flash Write Done: 950 bytes programmed.
CheckSum = 0xb873
Flash Verify Done: 952 bytes verified.
Rebuild target 'Target 1'
assembling STARTUP.A51...
compiling main.c...
app\main.c(75): error C141: syntax error near ';', expected ')'
app\main.c(75): error C141: syntax error near ')'
app\main.c(77): error C141: syntax error near ';', expected ')'
app\main.c(77): error C141: syntax error near ')'
compiling voc_init.c...
Target not created
Load "F:\\201803_project\\ftl_project_keil\\8266_air\\hexfirmware\\8266_air" 
_____^
*** error 56: can't open file
Rebuild target 'Target 1'
assembling STARTUP.A51...
compiling main.c...
app\main.c(75): error C141: syntax error near ';', expected ')'
app\main.c(75): error C141: syntax error near ')'
app\main.c(77): error C141: syntax error near ';', expected ')'
app\main.c(77): error C141: syntax error near ')'
compiling voc_init.c...
Target not created
Rebuild target 'Target 1'
assembling STARTUP.A51...
compiling main.c...
app\main.c(75): error C141: syntax error near ')'
app\main.c(77): error C141: syntax error near ')'
compiling voc_init.c...
Target not created
Rebuild target 'Target 1'
assembling STARTUP.A51...
compiling main.c...
app\main.c(75): error C141: syntax error near ')'
app\main.c(77): error C141: syntax error near ')'
compiling voc_init.c...
Target not created
Rebuild target 'Target 1'
assembling STARTUP.A51...
compiling main.c...
app\main.c(75): error C141: syntax error near ')'
app\main.c(77): error C141: syntax error near ')'
compiling voc_init.c...
Target not created
Rebuild target 'Target 1'
assembling STARTUP.A51...
compiling main.c...
app\main.c(75): error C141: syntax error near ')'
app\main.c(79): error C141: syntax error near ')'
compiling voc_init.c...
Target not created
Rebuild target 'Target 1'
assembling STARTUP.A51...
compiling main.c...
app\main.c(79): error C141: syntax error near ')'
compiling voc_init.c...
Target not created
Rebuild target 'Target 1'
assembling STARTUP.A51...
compiling main.c...
compiling voc_init.c...
linking...
Program Size: data=40.0 xdata=0 code=714
creating hex file from ".\hexfirmware\8266_air"...
".\hexfirmware\8266_air" - 0 Error(s), 0 Warning(s).
Rebuild target 'Target 1'
assembling STARTUP.A51...
compiling main.c...
app\main.c(79): error C141: syntax error near ')'
compiling voc_init.c...
Target not created
Rebuild target 'Target 1'
assembling STARTUP.A51...
compiling main.c...
compiling voc_init.c...
linking...
Program Size: data=40.0 xdata=0 code=752
creating hex file from ".\hexfirmware\8266_air"...
".\hexfirmware\8266_air" - 0 Error(s), 0 Warning(s).
Load "F:\\201803_project\\ftl_project_keil\\8266_air\\hexfirmware\\8266_air" 
仿真器已连接.
Flash Write Done: 1002 bytes programmed.
CheckSum = 0x38c2
Flash Verify Done: 1004 bytes verified.
Rebuild target 'Target 1'
assembling STARTUP.A51...
compiling main.c...
compiling voc_init.c...
linking...
Program Size: data=40.0 xdata=0 code=756
creating hex file from ".\hexfirmware\8266_air"...
".\hexfirmware\8266_air" - 0 Error(s), 0 Warning(s).
Load "F:\\201803_project\\ftl_project_keil\\8266_air\\hexfirmware\\8266_air" 
仿真器已连接.
Flash Write Done: 1006 bytes programmed.
CheckSum = 0x4656
Flash Verify Done: 1008 bytes verified.
Build target 'Target 1'
compiling main.c...
linking...
Program Size: data=40.0 xdata=0 code=752
creating hex file from ".\hexfirmware\8266_air"...
".\hexfirmware\8266_air" - 0 Error(s), 0 Warning(s).
Rebuild target 'Target 1'
assembling STARTUP.A51...
compiling main.c...
compiling voc_init.c...
linking...
Program Size: data=40.0 xdata=0 code=752
creating hex file from ".\hexfirmware\8266_air"...
".\hexfirmware\8266_air" - 0 Error(s), 0 Warning(s).
Rebuild target 'Target 1'
assembling STARTUP.A51...
compiling main.c...
compiling voc_init.c...
linking...
Program Size: data=40.0 xdata=0 code=708
creating hex file from ".\hexfirmware\8266_air"...
".\hexfirmware\8266_air" - 0 Error(s), 0 Warning(s).
Load "F:\\201803_project\\ftl_project_keil\\8266_air\\hexfirmware\\8266_air" 
仿真器已连接.
Flash Write Done: 958 bytes programmed.
CheckSum = 0x2d36
Flash Verify Done: 960 bytes verified.
Rebuild target 'Target 1'
assembling STARTUP.A51...
compiling main.c...
compiling voc_init.c...
linking...
Program Size: data=40.0 xdata=0 code=708
creating hex file from ".\hexfirmware\8266_air"...
".\hexfirmware\8266_air" - 0 Error(s), 0 Warning(s).
Rebuild target 'Target 1'
assembling STARTUP.A51...
compiling main.c...
compiling voc_init.c...
linking...
Program Size: data=40.0 xdata=0 code=707
creating hex file from ".\hexfirmware\8266_air"...
".\hexfirmware\8266_air" - 0 Error(s), 0 Warning(s).
Rebuild target 'Target 1'
assembling STARTUP.A51...
compiling main.c...
compiling voc_init.c...
linking...
Program Size: data=40.0 xdata=0 code=711
creating hex file from ".\hexfirmware\8266_air"...
".\hexfirmware\8266_air" - 0 Error(s), 0 Warning(s).
Load "F:\\201803_project\\ftl_project_keil\\8266_air\\hexfirmware\\8266_air" 
仿真器已连接.
Flash Write Done: 961 bytes programmed.
CheckSum = 0xce92
Flash Verify Done: 964 bytes verified.
Rebuild target 'Target 1'
assembling STARTUP.A51...
compiling main.c...
compiling voc_init.c...
linking...
Program Size: data=40.0 xdata=0 code=754
creating hex file from ".\hexfirmware\8266_air"...
".\hexfirmware\8266_air" - 0 Error(s), 0 Warning(s).
Load "F:\\201803_project\\ftl_project_keil\\8266_air\\hexfirmware\\8266_air" 
仿真器已连接.
Flash Write Done: 1004 bytes programmed.
CheckSum = 0xfadf
Flash Verify Done: 1004 bytes verified.
Rebuild target 'Target 1'
assembling STARTUP.A51...
compiling main.c...
compiling voc_init.c...
linking...
Program Size: data=40.0 xdata=0 code=754
creating hex file from ".\hexfirmware\8266_air"...
".\hexfirmware\8266_air" - 0 Error(s), 0 Warning(s).
Rebuild target 'Target 1'
assembling STARTUP.A51...
compiling main.c...
compiling voc_init.c...
linking...
Program Size: data=40.0 xdata=0 code=748
creating hex file from ".\hexfirmware\8266_air"...
".\hexfirmware\8266_air" - 0 Error(s), 0 Warning(s).
Rebuild target 'Target 1'
assembling STARTUP.A51...
compiling main.c...
compiling voc_init.c...
linking...
Program Size: data=40.0 xdata=0 code=729
creating hex file from ".\hexfirmware\8266_air"...
".\hexfirmware\8266_air" - 0 Error(s), 0 Warning(s).
Load "F:\\201803_project\\ftl_project_keil\\8266_air\\hexfirmware\\8266_air" 
仿真器已连接.
Flash Write Done: 979 bytes programmed.
CheckSum = 0x2547
Flash Verify Done: 980 bytes verified.
Rebuild target 'Target 1'
assembling STARTUP.A51...
compiling main.c...
compiling voc_init.c...
linking...
Program Size: data=40.0 xdata=0 code=729
creating hex file from ".\hexfirmware\8266_air"...
".\hexfirmware\8266_air" - 0 Error(s), 0 Warning(s).
Rebuild target 'Target 1'
assembling STARTUP.A51...
compiling main.c...
compiling voc_init.c...
linking...
Program Size: data=40.0 xdata=0 code=729
creating hex file from ".\hexfirmware\8266_air"...
".\hexfirmware\8266_air" - 0 Error(s), 0 Warning(s).
Rebuild target 'Target 1'
assembling STARTUP.A51...
compiling main.c...
compiling voc_init.c...
linking...
Program Size: data=40.0 xdata=0 code=729
creating hex file from ".\hexfirmware\8266_air"...
".\hexfirmware\8266_air" - 0 Error(s), 0 Warning(s).
Load "F:\\201803_project\\ftl_project_keil\\8266_air\\hexfirmware\\8266_air" 
仿真器已连接.
Flash Write Done: 979 bytes programmed.
CheckSum = 0x2579
Flash Verify Done: 980 bytes verified.
Rebuild target 'Target 1'
assembling STARTUP.A51...
compiling main.c...
compiling voc_init.c...
linking...
Program Size: data=42.0 xdata=0 code=739
creating hex file from ".\hexfirmware\8266_air"...
".\hexfirmware\8266_air" - 0 Error(s), 0 Warning(s).
Load "F:\\201803_project\\ftl_project_keil\\8266_air\\hexfirmware\\8266_air" 
仿真器已连接.
Flash Write Done: 989 bytes programmed.
CheckSum = 0xb503
Flash Verify Done: 992 bytes verified.
Rebuild target 'Target 1'
assembling STARTUP.A51...
compiling main.c...
compiling voc_init.c...
linking...
Program Size: data=38.0 xdata=0 code=699
creating hex file from ".\hexfirmware\8266_air"...
".\hexfirmware\8266_air" - 0 Error(s), 0 Warning(s).
Rebuild target 'Target 1'
assembling STARTUP.A51...
compiling main.c...
app\main.c(16): error C141: syntax error near 'breath_switch'
app\main.c(16): error C202: 'true': undefined identifier
app\main.c(18): error C202: 'true': undefined identifier
compiling voc_init.c...
Target not created
Rebuild target 'Target 1'
assembling STARTUP.A51...
compiling main.c...
app\main.c(16): error C141: syntax error near 'breath_switch'
app\main.c(16): error C202: 'TRUE': undefined identifier
app\main.c(18): error C202: 'true': undefined identifier
compiling voc_init.c...
Target not created
Rebuild target 'Target 1'
assembling STARTUP.A51...
compiling main.c...
app\main.c(20): warning C206: 'LED_GREEN_Ctrl': missing function-prototype
app\main.c(20): error C267: 'LED_GREEN_Ctrl': requires ANSI-style prototype
compiling voc_init.c...
Target not created
Rebuild target 'Target 1'
assembling STARTUP.A51...
compiling main.c...
compiling voc_init.c...
linking...
*** WARNING L16: UNCALLED SEGMENT, IGNORED FOR OVERLAY PROCESS
    SEGMENT: ?PR?LED_BREATH?MAIN
Program Size: data=41.0 xdata=0 code=739
creating hex file from ".\hexfirmware\8266_air"...
".\hexfirmware\8266_air" - 0 Error(s), 1 Warning(s).
Load "F:\\201803_project\\ftl_project_keil\\8266_air\\hexfirmware\\8266_air" 
仿真器已连接.
Flash Write Done: 989 bytes programmed.
CheckSum = 0x9f87
Flash Verify Done: 992 bytes verified.
Rebuild target 'Target 1'
assembling STARTUP.A51...
compiling main.c...
compiling voc_init.c...
linking...
*** WARNING L16: UNCALLED SEGMENT, IGNORED FOR OVERLAY PROCESS
    SEGMENT: ?PR?LED_BREATH?MAIN
Program Size: data=41.0 xdata=0 code=740
creating hex file from ".\hexfirmware\8266_air"...
".\hexfirmware\8266_air" - 0 Error(s), 1 Warning(s).
Load "F:\\201803_project\\ftl_project_keil\\8266_air\\hexfirmware\\8266_air" 
仿真器已连接.
Flash Write Done: 990 bytes programmed.
CheckSum = 0x0b00
Flash Verify Done: 992 bytes verified.
Rebuild target 'Target 1'
assembling STARTUP.A51...
compiling main.c...
compiling voc_init.c...
linking...
*** WARNING L16: UNCALLED SEGMENT, IGNORED FOR OVERLAY PROCESS
    SEGMENT: ?PR?LED_BREATH?MAIN
Program Size: data=41.0 xdata=0 code=739
creating hex file from ".\hexfirmware\8266_air"...
".\hexfirmware\8266_air" - 0 Error(s), 1 Warning(s).
Rebuild target 'Target 1'
assembling STARTUP.A51...
compiling main.c...
compiling voc_init.c...
linking...
*** WARNING L16: UNCALLED SEGMENT, IGNORED FOR OVERLAY PROCESS
    SEGMENT: ?PR?LED_BREATH?MAIN
Program Size: data=41.0 xdata=0 code=739
creating hex file from ".\hexfirmware\8266_air"...
".\hexfirmware\8266_air" - 0 Error(s), 1 Warning(s).
Load "F:\\201803_project\\ftl_project_keil\\8266_air\\hexfirmware\\8266_air" 
仿真器已连接.
Flash Write Done: 989 bytes programmed.
CheckSum = 0x9f87
Flash Verify Done: 992 bytes verified.
Rebuild target 'Target 1'
assembling STARTUP.A51...
compiling main.c...
compiling voc_init.c...
linking...
*** WARNING L16: UNCALLED SEGMENT, IGNORED FOR OVERLAY PROCESS
    SEGMENT: ?PR?LED_BREATH?MAIN
Program Size: data=41.0 xdata=0 code=740
creating hex file from ".\hexfirmware\8266_air"...
".\hexfirmware\8266_air" - 0 Error(s), 1 Warning(s).
Clean started: Project: '8266_air'
   deleting intermediate output files for target 'Target 1'
Build target 'Target 1'
assembling STARTUP.A51...
compiling main.c...
include\voc_init.h(20): error C141: syntax error near 'duty', expected ')'
include\voc_init.h(20): error C100: unprintable character 0xA3 skipped
include\voc_init.h(20): error C100: unprintable character 0xBB skipped
include\main.h(23): error C127: 'uint8_t': invalid storage class
include\main.h(24): error C127: 'uint16_t': invalid storage class
include\main.h(25): error C127: 'uint32_t': invalid storage class
include\main.h(33): error C141: syntax error near 'uint32_t'
include\main.h(33): error C129: missing ';' before 'Num'
compiling voc_init.c...
include\voc_init.h(20): error C100: unprintable character 0xA3 skipped
include\voc_init.h(20): error C100: unprintable character 0xBB skipped
app\voc_init.c(11): error C132: 'PWMwork': not in formal parameter list
app\voc_init.c(11): error C141: syntax error near '{'
app\voc_init.c(13): error C136: 'P2CON': 'void' on variable
app\voc_init.c(13): error C244: 'P2CON': can't initialize, bad type or class
app\voc_init.c(13): error C136: 'P2CON': 'void' on variable
app\voc_init.c(13): error C132: 'P2CON': not in formal parameter list
app\voc_init.c(14): error C244: 'PWMCON': can't initialize, bad type or class
app\voc_init.c(14): error C132: 'PWMCON': not in formal parameter list
app\voc_init.c(15): error C244: 'PWMCFG': can't initialize, bad type or class
app\voc_init.c(15): error C132: 'PWMCFG': not in formal parameter list
app\voc_init.c(16): error C244: 'PWMPRD': can't initialize, bad type or class
app\voc_init.c(16): error C132: 'PWMPRD': not in formal parameter list
app\voc_init.c(18): error C244: 'PWMDTY1': can't initialize, bad type or class
app\voc_init.c(18): error C132: 'PWMDTY1': not in formal parameter list
app\voc_init.c(19): error C244: 'PWMDTY2': can't initialize, bad type or class
app\voc_init.c(19): error C132: 'PWMDTY2': not in formal parameter list
app\voc_init.c(21): error C132: 'PWMCON': not in formal parameter list
app\voc_init.c(21): error C141: syntax error near '|='
app\voc_init.c(46): error C132: '_LED_Ctrl': not in formal parameter list
app\voc_init.c(46): error C141: syntax error near '{'
app\voc_init.c(48): error C131: 'no': duplicate function-parameter
app\voc_init.c(48): error C141: syntax error near '{'
app\voc_init.c(49): error C244: 'PWMDTY1': can't initialize, bad type or class
app\voc_init.c(49): error C202: 'duty': undefined identifier
app\voc_init.c(49): error C132: 'PWMDTY1': not in formal parameter list
app\voc_init.c(51): error C141: syntax error near 'break'
app\voc_init.c(52): error C231: 'PWMDTY2': redefinition
app\voc_init.c(52): error C202: 'duty': undefined identifier
app\voc_init.c(52): error C231: 'PWMDTY2': redefinition
app\voc_init.c(54): error C141: syntax error near 'break'
Target not created
Rebuild target 'Target 1'
assembling STARTUP.A51...
compiling main.c...
include\voc_init.h(20): error C141: syntax error near 'duty', expected ')'
include\voc_init.h(20): error C100: unprintable character 0xA3 skipped
include\voc_init.h(20): error C100: unprintable character 0xBB skipped
include\main.h(23): error C127: 'uint8_t': invalid storage class
include\main.h(24): error C127: 'uint16_t': invalid storage class
include\main.h(25): error C127: 'uint32_t': invalid storage class
include\main.h(33): error C141: syntax error near 'uint32_t'
include\main.h(33): error C129: missing ';' before 'Num'
compiling voc_init.c...
include\voc_init.h(20): error C100: unprintable character 0xA3 skipped
include\voc_init.h(20): error C100: unprintable character 0xBB skipped
app\voc_init.c(11): error C132: 'PWMwork': not in formal parameter list
app\voc_init.c(11): error C141: syntax error near '{'
app\voc_init.c(13): error C136: 'P2CON': 'void' on variable
app\voc_init.c(13): error C244: 'P2CON': can't initialize, bad type or class
app\voc_init.c(13): error C136: 'P2CON': 'void' on variable
app\voc_init.c(13): error C132: 'P2CON': not in formal parameter list
app\voc_init.c(14): error C244: 'PWMCON': can't initialize, bad type or class
app\voc_init.c(14): error C132: 'PWMCON': not in formal parameter list
app\voc_init.c(15): error C244: 'PWMCFG': can't initialize, bad type or class
app\voc_init.c(15): error C132: 'PWMCFG': not in formal parameter list
app\voc_init.c(16): error C244: 'PWMPRD': can't initialize, bad type or class
app\voc_init.c(16): error C132: 'PWMPRD': not in formal parameter list
app\voc_init.c(18): error C244: 'PWMDTY1': can't initialize, bad type or class
app\voc_init.c(18): error C132: 'PWMDTY1': not in formal parameter list
app\voc_init.c(19): error C244: 'PWMDTY2': can't initialize, bad type or class
app\voc_init.c(19): error C132: 'PWMDTY2': not in formal parameter list
app\voc_init.c(21): error C132: 'PWMCON': not in formal parameter list
app\voc_init.c(21): error C141: syntax error near '|='
app\voc_init.c(46): error C132: '_LED_Ctrl': not in formal parameter list
app\voc_init.c(46): error C141: syntax error near '{'
app\voc_init.c(48): error C131: 'no': duplicate function-parameter
app\voc_init.c(48): error C141: syntax error near '{'
app\voc_init.c(49): error C244: 'PWMDTY1': can't initialize, bad type or class
app\voc_init.c(49): error C202: 'duty': undefined identifier
app\voc_init.c(49): error C132: 'PWMDTY1': not in formal parameter list
app\voc_init.c(51): error C141: syntax error near 'break'
app\voc_init.c(52): error C231: 'PWMDTY2': redefinition
app\voc_init.c(52): error C202: 'duty': undefined identifier
app\voc_init.c(52): error C231: 'PWMDTY2': redefinition
app\voc_init.c(54): error C141: syntax error near 'break'
Target not created
Rebuild target 'Target 1'
assembling STARTUP.A51...
compiling main.c...
include\voc_init.h(20): error C100: unprintable character 0xA3 skipped
include\voc_init.h(20): error C100: unprintable character 0xBB skipped
include\main.h(23): error C127: 'uint8_t': invalid storage class
include\main.h(24): error C127: 'uint16_t': invalid storage class
include\main.h(25): error C127: 'uint32_t': invalid storage class
include\main.h(33): error C141: syntax error near 'uint32_t'
include\main.h(33): error C129: missing ';' before 'Num'
compiling voc_init.c...
include\voc_init.h(20): error C100: unprintable character 0xA3 skipped
include\voc_init.h(20): error C100: unprintable character 0xBB skipped
app\voc_init.c(11): error C132: 'PWMwork': not in formal parameter list
app\voc_init.c(11): error C141: syntax error near '{'
app\voc_init.c(13): error C136: 'P2CON': 'void' on variable
app\voc_init.c(13): error C244: 'P2CON': can't initialize, bad type or class
app\voc_init.c(13): error C136: 'P2CON': 'void' on variable
app\voc_init.c(13): error C132: 'P2CON': not in formal parameter list
app\voc_init.c(14): error C244: 'PWMCON': can't initialize, bad type or class
app\voc_init.c(14): error C132: 'PWMCON': not in formal parameter list
app\voc_init.c(15): error C244: 'PWMCFG': can't initialize, bad type or class
app\voc_init.c(15): error C132: 'PWMCFG': not in formal parameter list
app\voc_init.c(16): error C244: 'PWMPRD': can't initialize, bad type or class
app\voc_init.c(16): error C132: 'PWMPRD': not in formal parameter list
app\voc_init.c(18): error C244: 'PWMDTY1': can't initialize, bad type or class
app\voc_init.c(18): error C132: 'PWMDTY1': not in formal parameter list
app\voc_init.c(19): error C244: 'PWMDTY2': can't initialize, bad type or class
app\voc_init.c(19): error C132: 'PWMDTY2': not in formal parameter list
app\voc_init.c(21): error C132: 'PWMCON': not in formal parameter list
app\voc_init.c(21): error C141: syntax error near '|='
app\voc_init.c(46): error C132: '_LED_Ctrl': not in formal parameter list
app\voc_init.c(46): error C141: syntax error near '{'
app\voc_init.c(48): error C131: 'no': duplicate function-parameter
app\voc_init.c(48): error C141: syntax error near '{'
app\voc_init.c(49): error C244: 'PWMDTY1': can't initialize, bad type or class
app\voc_init.c(49): error C202: 'duty': undefined identifier
app\voc_init.c(49): error C132: 'PWMDTY1': not in formal parameter list
app\voc_init.c(51): error C141: syntax error near 'break'
app\voc_init.c(52): error C231: 'PWMDTY2': redefinition
app\voc_init.c(52): error C202: 'duty': undefined identifier
app\voc_init.c(52): error C231: 'PWMDTY2': redefinition
app\voc_init.c(54): error C141: syntax error near 'break'
Target not created
Rebuild target 'Target 1'
assembling STARTUP.A51...
compiling main.c...
compiling voc_init.c...
linking...
*** WARNING L16: UNCALLED SEGMENT, IGNORED FOR OVERLAY PROCESS
    SEGMENT: ?PR?LED_BREATH?MAIN
Program Size: data=41.0 xdata=0 code=782
creating hex file from ".\hexfirmware\8266_air"...
".\hexfirmware\8266_air" - 0 Error(s), 1 Warning(s).
Clean started: Project: '8266_air'
   deleting intermediate output files for target 'Target 1'
Build target 'Target 1'
assembling STARTUP.A51...
compiling main.c...
compiling voc_init.c...
linking...
*** WARNING L16: UNCALLED SEGMENT, IGNORED FOR OVERLAY PROCESS
    SEGMENT: ?PR?LED_BREATH?MAIN
Program Size: data=41.0 xdata=0 code=782
creating hex file from ".\hexfirmware\8266_air"...
".\hexfirmware\8266_air" - 0 Error(s), 1 Warning(s).
Rebuild target 'Target 1'
assembling STARTUP.A51...
compiling main.c...
compiling voc_init.c...
linking...
*** WARNING L16: UNCALLED SEGMENT, IGNORED FOR OVERLAY PROCESS
    SEGMENT: ?PR?LED_BREATH?MAIN
Program Size: data=41.0 xdata=0 code=782
creating hex file from ".\hexfirmware\8266_air"...
".\hexfirmware\8266_air" - 0 Error(s), 1 Warning(s).
Rebuild target 'Target 1'
assembling STARTUP.A51...
compiling main.c...
compiling voc_init.c...
linking...
Program Size: data=41.0 xdata=0 code=786
creating hex file from ".\hexfirmware\8266_air"...
".\hexfirmware\8266_air" - 0 Error(s), 0 Warning(s).
Load "F:\\201803_project\\ftl_project_keil\\8266_air\\hexfirmware\\8266_air" 
仿真器已连接.
Flash Write Done: 1036 bytes programmed.
CheckSum = 0x501e
Flash Verify Done: 1036 bytes verified.
Clean started: Project: '8266_air'
   deleting intermediate output files for target 'Target 1'
Build target 'Target 1'
assembling STARTUP.A51...
compiling main.c...
app\main.c(30): error C141: syntax error near 'if'
compiling voc_init.c...
Target not created
Rebuild target 'Target 1'
assembling STARTUP.A51...
compiling main.c...
compiling voc_init.c...
linking...
Program Size: data=41.0 xdata=0 code=765
creating hex file from ".\hexfirmware\8266_air"...
".\hexfirmware\8266_air" - 0 Error(s), 0 Warning(s).
Rebuild target 'Target 1'
assembling STARTUP.A51...
compiling main.c...
app\main.c(21): warning C206: 'LED_Ctrl': missing function-prototype
app\main.c(21): error C267: 'LED_Ctrl': requires ANSI-style prototype
compiling voc_init.c...
Target not created
Rebuild target 'Target 1'
assembling STARTUP.A51...
compiling main.c...
app\main.c(100): error C193: '=': illegal type conversion from/to 'void'
compiling voc_init.c...
Target not created
Rebuild target 'Target 1'
assembling STARTUP.A51...
compiling main.c...
compiling voc_init.c...
linking...
Program Size: data=39.0 xdata=0 code=804
creating hex file from ".\hexfirmware\8266_air"...
".\hexfirmware\8266_air" - 0 Error(s), 0 Warning(s).
Rebuild target 'Target 1'
assembling STARTUP.A51...
compiling main.c...
compiling voc_init.c...
linking...
Program Size: data=39.0 xdata=0 code=804
creating hex file from ".\hexfirmware\8266_air"...
".\hexfirmware\8266_air" - 0 Error(s), 0 Warning(s).
Load "F:\\201803_project\\ftl_project_keil\\8266_air\\hexfirmware\\8266_air" 
仿真器已连接.
Flash Write Done: 1054 bytes programmed.
CheckSum = 0xb571
Flash Verify Done: 1056 bytes verified.
Rebuild target 'Target 1'
assembling STARTUP.A51...
compiling main.c...
compiling voc_init.c...
linking...
Program Size: data=39.0 xdata=0 code=921
creating hex file from ".\hexfirmware\8266_air"...
".\hexfirmware\8266_air" - 0 Error(s), 0 Warning(s).
Rebuild target 'Target 1'
assembling STARTUP.A51...
compiling main.c...
compiling voc_init.c...
linking...
Program Size: data=39.0 xdata=0 code=921
creating hex file from ".\hexfirmware\8266_air"...
".\hexfirmware\8266_air" - 0 Error(s), 0 Warning(s).
Load "F:\\201803_project\\ftl_project_keil\\8266_air\\hexfirmware\\8266_air" 
仿真器已连接.
Flash Write Done: 1171 bytes programmed.
CheckSum = 0x1bee
Flash Verify Done: 1172 bytes verified.
Clean started: Project: '8266_air'
   deleting intermediate output files for target 'Target 1'
Build target 'Target 1'
assembling STARTUP.A51...
compiling main.c...
compiling voc_init.c...
linking...
Program Size: data=39.0 xdata=0 code=919
creating hex file from ".\hexfirmware\8266_air"...
".\hexfirmware\8266_air" - 0 Error(s), 0 Warning(s).
Load "F:\\201803_project\\ftl_project_keil\\8266_air\\hexfirmware\\8266_air" 
仿真器已连接.
Flash Write Done: 1169 bytes programmed.
CheckSum = 0x402e
Flash Verify Done: 1172 bytes verified.
Rebuild target 'Target 1'
assembling STARTUP.A51...
compiling main.c...
compiling voc_init.c...
linking...
Program Size: data=39.0 xdata=0 code=918
creating hex file from ".\hexfirmware\8266_air"...
".\hexfirmware\8266_air" - 0 Error(s), 0 Warning(s).
Load "F:\\201803_project\\ftl_project_keil\\8266_air\\hexfirmware\\8266_air" 
仿真器已连接.
Flash Write Done: 1168 bytes programmed.
CheckSum = 0x5327
Flash Verify Done: 1168 bytes verified.
Rebuild target 'Target 1'
assembling STARTUP.A51...
compiling main.c...
compiling voc_init.c...
linking...
Program Size: data=39.0 xdata=0 code=918
creating hex file from ".\hexfirmware\8266_air"...
".\hexfirmware\8266_air" - 0 Error(s), 0 Warning(s).
Load "F:\\201803_project\\ftl_project_keil\\8266_air\\hexfirmware\\8266_air" 
仿真器已连接.
Flash Write Done: 1168 bytes programmed.
CheckSum = 0x5327
Flash Verify Done: 1168 bytes verified.
Rebuild target 'Target 1'
assembling STARTUP.A51...
compiling main.c...
compiling voc_init.c...
app\voc_init.c(67): error C129: missing ';' before 'ADCwork'
Target not created
Rebuild target 'Target 1'
assembling STARTUP.A51...
compiling main.c...
include\voc_init.h(17): error C129: missing ';' before 'ADCwork'
compiling voc_init.c...
include\voc_init.h(17): error C129: missing ';' before 'ADCwork'
Target not created
Rebuild target 'Target 1'
assembling STARTUP.A51...
compiling main.c...
include\voc_init.h(17): error C129: missing ';' before 'ADCwork'
compiling voc_init.c...
app\voc_init.c(67): error C129: missing ';' before 'ADCwork'
Target not created
Rebuild target 'Target 1'
assembling STARTUP.A51...
compiling main.c...
include\voc_init.h(17): error C129: missing ';' before 'ADCwork'
compiling voc_init.c...
Target not created
Rebuild target 'Target 1'
assembling STARTUP.A51...
compiling main.c...
compiling voc_init.c...
app\voc_init.c(68): error C231: '_ADCwork': redefinition
app\voc_init.c(82): error C231: '_ADCwork': redefinition
Target not created
Rebuild target 'Target 1'
assembling STARTUP.A51...
compiling main.c...
include\voc_init.h(17): error C129: missing ';' before 'ADCwork'
compiling voc_init.c...
Target not created
Rebuild target 'Target 1'
assembling STARTUP.A51...
compiling main.c...
compiling voc_init.c...
linking...
Program Size: data=43.0 xdata=0 code=1122
creating hex file from ".\hexfirmware\8266_air"...
".\hexfirmware\8266_air" - 0 Error(s), 0 Warning(s).
Rebuild target 'Target 1'
assembling STARTUP.A51...
compiling main.c...
compiling voc_init.c...
linking...
Program Size: data=43.0 xdata=0 code=1122
creating hex file from ".\hexfirmware\8266_air"...
".\hexfirmware\8266_air" - 0 Error(s), 0 Warning(s).
Clean started: Project: '8266_air'
   deleting intermediate output files for target 'Target 1'
Rebuild target 'Target 1'
assembling STARTUP.A51...
compiling main.c...
compiling voc_init.c...
linking...
Program Size: data=43.0 xdata=0 code=1122
creating hex file from ".\hexfirmware\8266_air"...
".\hexfirmware\8266_air" - 0 Error(s), 0 Warning(s).
Load "F:\\201803_project\\ftl_project_keil\\8266_air\\hexfirmware\\8266_air" 
仿真器已连接.
Flash Write Done: 1372 bytes programmed.
CheckSum = 0x4bee
Flash Verify Done: 1372 bytes verified.
Rebuild target 'Target 1'
assembling STARTUP.A51...
compiling main.c...
compiling voc_init.c...
linking...
Program Size: data=43.0 xdata=0 code=1122
creating hex file from ".\hexfirmware\8266_air"...
".\hexfirmware\8266_air" - 0 Error(s), 0 Warning(s).
Load "F:\\201803_project\\ftl_project_keil\\8266_air\\hexfirmware\\8266_air" 
仿真器已连接.
Flash Write Done: 1372 bytes programmed.
CheckSum = 0xbfee
Flash Verify Done: 1372 bytes verified.
Rebuild target 'Target 1'
assembling STARTUP.A51...
compiling main.c...
compiling voc_init.c...
linking...
*** WARNING L16: UNCALLED SEGMENT, IGNORED FOR OVERLAY PROCESS
    SEGMENT: ?PR?DETECT?MAIN
Program Size: data=43.0 xdata=0 code=1202
creating hex file from ".\hexfirmware\8266_air"...
".\hexfirmware\8266_air" - 0 Error(s), 1 Warning(s).
Rebuild target 'Target 1'
assembling STARTUP.A51...
compiling main.c...
compiling voc_init.c...
linking...
Program Size: data=43.0 xdata=0 code=1205
creating hex file from ".\hexfirmware\8266_air"...
".\hexfirmware\8266_air" - 0 Error(s), 0 Warning(s).
Rebuild target 'Target 1'
assembling STARTUP.A51...
compiling main.c...
compiling voc_init.c...
linking...
Program Size: data=43.0 xdata=0 code=1244
creating hex file from ".\hexfirmware\8266_air"...
".\hexfirmware\8266_air" - 0 Error(s), 0 Warning(s).
Rebuild target 'Target 1'
assembling STARTUP.A51...
compiling main.c...
compiling voc_init.c...
app\voc_init.c(53): error C202: 'BLUE': undefined identifier
Target not created
Rebuild target 'Target 1'
assembling STARTUP.A51...
compiling main.c...
compiling voc_init.c...
linking...
Program Size: data=43.0 xdata=0 code=1293
creating hex file from ".\hexfirmware\8266_air"...
".\hexfirmware\8266_air" - 0 Error(s), 0 Warning(s).
Clean started: Project: '8266_air'
   deleting intermediate output files for target 'Target 1'
Build target 'Target 1'
assembling STARTUP.A51...
compiling main.c...
compiling voc_init.c...
linking...
Program Size: data=43.0 xdata=0 code=1293
creating hex file from ".\hexfirmware\8266_air"...
".\hexfirmware\8266_air" - 0 Error(s), 0 Warning(s).
Rebuild target 'Target 1'
assembling STARTUP.A51...
compiling main.c...
compiling voc_init.c...
linking...
*** WARNING L16: UNCALLED SEGMENT, IGNORED FOR OVERLAY PROCESS
    SEGMENT: ?PR?MODE_TEST?MAIN
Program Size: data=44.0 xdata=0 code=1350
creating hex file from ".\hexfirmware\8266_air"...
".\hexfirmware\8266_air" - 0 Error(s), 1 Warning(s).
Rebuild target 'Target 1'
assembling STARTUP.A51...
compiling main.c...
compiling voc_init.c...
linking...
Program Size: data=44.0 xdata=0 code=1349
creating hex file from ".\hexfirmware\8266_air"...
".\hexfirmware\8266_air" - 0 Error(s), 0 Warning(s).
Rebuild target 'Target 1'
assembling STARTUP.A51...
compiling main.c...
compiling voc_init.c...
linking...
Program Size: data=44.0 xdata=0 code=1349
creating hex file from ".\hexfirmware\8266_air"...
".\hexfirmware\8266_air" - 0 Error(s), 0 Warning(s).
Load "F:\\201803_project\\ftl_project_keil\\8266_air\\hexfirmware\\8266_air" 
仿真器已连接.
Flash Write Done: 1599 bytes programmed.
CheckSum = 0x02bb
Flash Verify Done: 1600 bytes verified.
Rebuild target 'Target 1'
assembling STARTUP.A51...
compiling main.c...
compiling voc_init.c...
linking...
Program Size: data=44.0 xdata=0 code=1352
creating hex file from ".\hexfirmware\8266_air"...
".\hexfirmware\8266_air" - 0 Error(s), 0 Warning(s).
Rebuild target 'Target 1'
assembling STARTUP.A51...
compiling main.c...
compiling voc_init.c...
linking...
Program Size: data=44.0 xdata=0 code=1353
creating hex file from ".\hexfirmware\8266_air"...
".\hexfirmware\8266_air" - 0 Error(s), 0 Warning(s).
Load "F:\\201803_project\\ftl_project_keil\\8266_air\\hexfirmware\\8266_air" 
仿真器已连接.
Flash Write Done: 1603 bytes programmed.
CheckSum = 0xc8eb
Flash Verify Done: 1604 bytes verified.
Rebuild target 'Target 1'
assembling STARTUP.A51...
compiling main.c...
compiling voc_init.c...
linking...
Program Size: data=44.0 xdata=0 code=1365
creating hex file from ".\hexfirmware\8266_air"...
".\hexfirmware\8266_air" - 0 Error(s), 0 Warning(s).
Load "F:\\201803_project\\ftl_project_keil\\8266_air\\hexfirmware\\8266_air" 
仿真器已连接.
Flash Write Done: 1615 bytes programmed.
CheckSum = 0xfd3b
Flash Verify Done: 1616 bytes verified.
Rebuild target 'Target 1'
assembling STARTUP.A51...
compiling main.c...
compiling voc_init.c...
linking...
Program Size: data=44.0 xdata=0 code=1379
creating hex file from ".\hexfirmware\8266_air"...
".\hexfirmware\8266_air" - 0 Error(s), 0 Warning(s).
Load "F:\\201803_project\\ftl_project_keil\\8266_air\\hexfirmware\\8266_air" 
仿真器已连接.
Flash Write Done: 1629 bytes programmed.
CheckSum = 0xf4d2
Flash Verify Done: 1632 bytes verified.
Rebuild target 'Target 1'
assembling STARTUP.A51...
compiling main.c...
compiling voc_init.c...
linking...
Program Size: data=44.0 xdata=0 code=1382
creating hex file from ".\hexfirmware\8266_air"...
".\hexfirmware\8266_air" - 0 Error(s), 0 Warning(s).
Rebuild target 'Target 1'
assembling STARTUP.A51...
compiling main.c...
compiling voc_init.c...
linking...
Program Size: data=44.0 xdata=0 code=1382
creating hex file from ".\hexfirmware\8266_air"...
".\hexfirmware\8266_air" - 0 Error(s), 0 Warning(s).
Rebuild target 'Target 1'
assembling STARTUP.A51...
compiling main.c...
compiling voc_init.c...
linking...
Program Size: data=44.0 xdata=0 code=1381
creating hex file from ".\hexfirmware\8266_air"...
".\hexfirmware\8266_air" - 0 Error(s), 0 Warning(s).
Load "F:\\201803_project\\ftl_project_keil\\8266_air\\hexfirmware\\8266_air" 
仿真器已连接.
Flash Write Done: 1631 bytes programmed.
CheckSum = 0x1b06
Flash Verify Done: 1632 bytes verified.
Rebuild target 'Target 1'
assembling STARTUP.A51...
compiling main.c...
compiling voc_init.c...
linking...
Program Size: data=44.0 xdata=0 code=1389
creating hex file from ".\hexfirmware\8266_air"...
".\hexfirmware\8266_air" - 0 Error(s), 0 Warning(s).
Load "F:\\201803_project\\ftl_project_keil\\8266_air\\hexfirmware\\8266_air" 
仿真器已连接.
Flash Write Done: 1639 bytes programmed.
CheckSum = 0xac9d
Flash Verify Done: 1640 bytes verified.
Rebuild target 'Target 1'
assembling STARTUP.A51...
compiling main.c...
compiling voc_init.c...
linking...
Program Size: data=44.0 xdata=0 code=1381
creating hex file from ".\hexfirmware\8266_air"...
".\hexfirmware\8266_air" - 0 Error(s), 0 Warning(s).
Load "F:\\201803_project\\ftl_project_keil\\8266_air\\hexfirmware\\8266_air" 
仿真器已连接.
Flash Write Done: 1631 bytes programmed.
CheckSum = 0x4023
Flash Verify Done: 1632 bytes verified.
Rebuild target 'Target 1'
assembling STARTUP.A51...
compiling main.c...
compiling voc_init.c...
linking...
Program Size: data=44.0 xdata=0 code=1381
creating hex file from ".\hexfirmware\8266_air"...
".\hexfirmware\8266_air" - 0 Error(s), 0 Warning(s).
Rebuild target 'Target 1'
assembling STARTUP.A51...
compiling main.c...
compiling voc_init.c...
linking...
Program Size: data=44.0 xdata=0 code=1385
creating hex file from ".\hexfirmware\8266_air"...
".\hexfirmware\8266_air" - 0 Error(s), 0 Warning(s).
Rebuild target 'Target 1'
assembling STARTUP.A51...
compiling main.c...
compiling voc_init.c...
linking...
Program Size: data=44.0 xdata=0 code=1385
creating hex file from ".\hexfirmware\8266_air"...
".\hexfirmware\8266_air" - 0 Error(s), 0 Warning(s).
Load "F:\\201803_project\\ftl_project_keil\\8266_air\\hexfirmware\\8266_air" 
仿真器已连接.
Flash Write Done: 1635 bytes programmed.
CheckSum = 0x628c
Flash Verify Done: 1636 bytes verified.
Rebuild target 'Target 1'
assembling STARTUP.A51...
compiling main.c...
compiling voc_init.c...
linking...
Program Size: data=47.0 xdata=0 code=1470
creating hex file from ".\hexfirmware\8266_air"...
".\hexfirmware\8266_air" - 0 Error(s), 0 Warning(s).
Load "F:\\201803_project\\ftl_project_keil\\8266_air\\hexfirmware\\8266_air" 
仿真器已连接.
Flash Write Done: 1720 bytes programmed.
CheckSum = 0x9d1a
Flash Verify Done: 1720 bytes verified.
Rebuild target 'Target 1'
assembling STARTUP.A51...
compiling main.c...
compiling voc_init.c...
linking...
Program Size: data=47.0 xdata=0 code=1470
creating hex file from ".\hexfirmware\8266_air"...
".\hexfirmware\8266_air" - 0 Error(s), 0 Warning(s).
Load "F:\\201803_project\\ftl_project_keil\\8266_air\\hexfirmware\\8266_air" 
仿真器已连接.
Flash Write Done: 1720 bytes programmed.
CheckSum = 0x9bb2
Flash Verify Done: 1720 bytes verified.
Rebuild target 'Target 1'
assembling STARTUP.A51...
compiling main.c...
compiling voc_init.c...
linking...
Program Size: data=47.0 xdata=0 code=1307
creating hex file from ".\hexfirmware\8266_air"...
".\hexfirmware\8266_air" - 0 Error(s), 0 Warning(s).
